<?xml version="1.0" encoding="utf-8"?><testsuites><testsuite name="pytest" errors="0" failures="0" skipped="0" tests="0" time="3.027" timestamp="2025-01-20T15:13:53.978115-05:00" hostname="ubu"><testcase time="0.001" /></testsuite></testsuites>