<?xml version="1.0" encoding="utf-8"?><testsuites><testsuite name="pytest" errors="0" failures="0" skipped="0" tests="44" time="33.211" timestamp="2025-01-20T12:09:58.701261-05:00" hostname="ubu"><testcase classname="test.test_core" name="test_remote_pdf" time="4.522" /><testcase classname="test.test_core" name="test_remote_html" time="0.152" /><testcase classname="test.test_core" name="test_remote_mp3" time="1.920" /><testcase classname="test.test_core" name="test_remote_jpg" time="0.138" /><testcase classname="test.test_core" name="test_local_binary" time="1.524" /><testcase classname="test.test_core" name="test_local_buffer" time="0.002" /><testcase classname="test.test_core" name="test_local_path" time="1.538" /><testcase classname="test.test_core" name="test_kill_server" time="1.510" /><testcase classname="test.test_detector" name="test_detect_from_file_path_str" time="0.003" /><testcase classname="test.test_detector" name="test_detect_from_file_path_object" time="0.002" /><testcase classname="test.test_detector" name="test_detect_from_binary_file" time="0.002" /><testcase classname="test.test_detector" name="test_detect_from_buffer_str" time="0.002" /><testcase classname="test.test_detector" name="test_detect_from_buffer_bytes" time="0.001" /><testcase classname="test.test_detector" name="test_detect_with_config_path" time="0.002" /><testcase classname="test.test_detector" name="test_detect_with_request_options" time="0.002" /><testcase classname="test.test_detector" name="test_mime_type_detection_accuracy[txt-plain.txt-Hello world-text/plain]" time="0.003" /><testcase classname="test.test_detector" name="test_mime_type_detection_accuracy[html-page.html-&lt;html&gt;&lt;body&gt;Hello&lt;/body&gt;&lt;/html&gt;-text/html]" time="0.002" /><testcase classname="test.test_detector" name="test_mime_type_detection_accuracy[json-data.json-{&quot;key&quot;: &quot;value&quot;}-application/json]" time="0.002" /><testcase classname="test.test_detector" name="test_mime_type_detection_accuracy[xml-config.xml-&lt;?xml version='1.0'?&gt;&lt;root&gt;&lt;/root&gt;-application/xml]" time="0.002" /><testcase classname="test.test_detector" name="test_detect_edge_cases[]" time="0.001" /><testcase classname="test.test_detector" name="test_detect_edge_cases[ ]" time="0.002" /><testcase classname="test.test_detector" name="test_detect_edge_cases[\n\n]" time="0.002" /><testcase classname="test.test_from_file_service" name="test_default_service" time="0.718" /><testcase classname="test.test_from_file_service" name="test_remote_endpoint" time="0.003" /><testcase classname="test.test_from_file_service" name="test_default_service_explicit" time="1.389" /><testcase classname="test.test_from_file_service" name="test_text_service" time="0.712" /><testcase classname="test.test_from_file_service" name="test_meta_service" time="0.640" /><testcase classname="test.test_from_file_service" name="test_invalid_service" time="0.674" /><testcase classname="test.test_language" name="test_detect_from_file_path_str" time="0.002" /><testcase classname="test.test_language" name="test_detect_from_file_path_object" time="0.002" /><testcase classname="test.test_language" name="test_detect_from_binary_file" time="0.002" /><testcase classname="test.test_language" name="test_detect_from_buffer_str" time="0.001" /><testcase classname="test.test_language" name="test_detect_from_buffer_bytes" time="0.002" /><testcase classname="test.test_language" name="test_detect_with_request_options" time="0.001" /><testcase classname="test.test_language" name="test_detect_edge_cases[]" time="0.002" /><testcase classname="test.test_language" name="test_detect_edge_cases[ ]" time="0.002" /><testcase classname="test.test_language" name="test_detect_edge_cases[123]" time="0.001" /><testcase classname="test.test_params" name="test_parse_response_exists[https://opensource.adobe.com/dc-acrobat-sdk-docs/pdfstandards/PDF32000_2008.pdf]" time="4.199" /><testcase classname="test.test_params" name="test_parse_response_exists[https://arxiv.org/pdf/2303.08774.pdf]" time="1.501" /><testcase classname="test.test_params" name="test_parse_metadata_exists[https://opensource.adobe.com/dc-acrobat-sdk-docs/pdfstandards/PDF32000_2008.pdf]" time="4.280" /><testcase classname="test.test_params" name="test_parse_metadata_exists[https://arxiv.org/pdf/2303.08774.pdf]" time="1.555" /><testcase classname="test.test_params" name="test_parse_content_exists[https://opensource.adobe.com/dc-acrobat-sdk-docs/pdfstandards/PDF32000_2008.pdf]" time="4.203" /><testcase classname="test.test_params" name="test_parse_content_exists[https://arxiv.org/pdf/2303.08774.pdf]" time="1.512" /><testcase classname="test.test_ssl_link" name="test_image_download" time="0.047" /></testsuite></testsuites>